INFO:root:MutateX logging started.
INFO:root:Running on Python 3.12.9, the interpreter is /home/ctools/protein_structure_course/bin/python3
WARNING:root:No rotabase.txt file specified or rotabase file not found - it will be generated by FoldX
INFO:root:FoldX version suite5 will be used
/home/ctools/protein_structure_course/lib/python3.12/site-packages/Bio/PDB/PDBParser.py:388: PDBConstructionWarning: Ignoring unrecognized record 'END' at line 1305
  warnings.warn(
INFO:root:checking models in pdb file
INFO:root:File /home/projects/22117_protein_structure/projects/group07/22117_protein_structure_group7/stability/mutatex_stability/script/mutation_list.txt will be used as mutation list
INFO:root:mutation list is: G, A, V, L, I, M, F, W, P, S, T, C, Y, N, Q, D, E, K, R, H
INFO:root:starting phase 1: structure check and generation of required PDB files
INFO:root:working directory will be: /home/projects/22117_protein_structure/projects/group07/22117_protein_structure_group7/stability/mutatex_stability/results/2IMT_no_solvent
INFO:root:starting phase 2: REPAIR
INFO:root:working dir: /home/projects/22117_protein_structure/projects/group07/22117_protein_structure_group7/stability/mutatex_stability/results/2IMT_no_solvent/repair
INFO:root:Preparing for repair run repair_2IMT_no_solvent_model0_checked
INFO:root:Running repair runs
INFO:root:starting FoldX run repair_2IMT_no_solvent_model0_checked
INFO:root:now running: repair_2IMT_no_solvent_model0_checked
INFO:root:command is /home/ctools/foldx/foldx -f runfile.txt
INFO:root:run repair_2IMT_no_solvent_model0_checked has completed successfully
INFO:root:Processing output ...
INFO:root:No cleaning will be performed at this stage.
INFO:root:list of PDBs to be used: /home/projects/22117_protein_structure/projects/group07/22117_protein_structure_group7/stability/mutatex_stability/results/2IMT_no_solvent/repair/repair_2IMT_no_solvent_model0_checked/2IMT_no_solvent_model0_checked_Repair.pdb
WARNING:root:Residue <Residue ZN het=H_ZN resseq=200 icode= > couldn't be recognized; it will be skipped
WARNING:root:Residue <Residue ZN het=  resseq=200 icode= > couldn't be recognized; it will be skipped
INFO:root:Working directory is: /home/projects/22117_protein_structure/projects/group07/22117_protein_structure_group7/stability/mutatex_stability/results/2IMT_no_solvent/mutations
WARNING:root:Residue <Residue ZN het=  resseq=200 icode= > couldn't be recognized; it will be skipped
INFO:root:Positions will be read from file
INFO:root:The following residue groups will be considered: (IA80) 
INFO:root:Preparing for mutation run IA80
INFO:root:Running mutate runs
INFO:root:starting FoldX run IA80
INFO:root:now running: IA80
INFO:root:command is /home/ctools/foldx/foldx -f runfile.txt
INFO:root:run IA80 has completed successfully
INFO:root:Processing output ...
INFO:root:No cleaning will be performed at this stage.
INFO:root:Working directory is: /home/projects/22117_protein_structure/projects/group07/22117_protein_structure_group7/stability/mutatex_stability/results/2IMT_no_solvent/mutations
INFO:root:Parsing file Dif_2IMT_no_solvent_model0_checked_Repair.fxout ...
INFO:root:All done!
/home/ctools/protein_structure_course/lib/python3.12/site-packages/Bio/PDB/PDBParser.py:388: PDBConstructionWarning: Ignoring unrecognized record 'END' at line 1305
  warnings.warn(
WARNING: Residue <Residue ZN het=H_ZN resseq=200 icode= > couldn't be recognized; it will be skipped
WARNING: Residue <Residue ZN het=H_ZN resseq=200 icode= > couldn't be recognized; it will be skipped
